[debug] [2022-06-18T07:52:01.124Z] ----------------------------------------------------------------------
[debug] [2022-06-18T07:52:01.127Z] Command:       C:\Program Files (x86)\nodejs\node.exe E:\react-native-assessment\node_modules\firebase-tools\lib\bin\firebase.js emulators:start --only functions
[debug] [2022-06-18T07:52:01.127Z] CLI Version:   11.1.0
[debug] [2022-06-18T07:52:01.127Z] Platform:      win32
[debug] [2022-06-18T07:52:01.128Z] Node Version:  v16.13.2
[debug] [2022-06-18T07:52:01.129Z] Time:          Sat Jun 18 2022 03:52:01 GMT-0400 (Eastern Daylight Time)
[debug] [2022-06-18T07:52:01.129Z] ----------------------------------------------------------------------
[debug] 
[debug] [2022-06-18T07:52:01.236Z] > command requires scopes: ["email","openid","https://www.googleapis.com/auth/cloudplatformprojects.readonly","https://www.googleapis.com/auth/firebase","https://www.googleapis.com/auth/cloud-platform"]
[debug] [2022-06-18T07:52:01.236Z] > authorizing via signed-in user (a0930795105@gmail.com)
[info] i  emulators: Starting emulators: functions {"metadata":{"emulator":{"name":"hub"},"message":"Starting emulators: functions"}}
[debug] [2022-06-18T07:52:01.292Z] [hub] writing locator at C:\Users\JimmyLo\AppData\Local\Temp\hub-grownby-react-native.json
[warn] !  functions: The following emulators are not running, calls to these services from the Functions emulator will affect production: auth, firestore, database, hosting, pubsub, storage {"metadata":{"emulator":{"name":"functions"},"message":"The following emulators are not running, calls to these services from the Functions emulator will affect production: \u001b[1mauth, firestore, database, hosting, pubsub, storage\u001b[22m"}}
[info] +  functions: Using node@16 from host. {"metadata":{"emulator":{"name":"functions"},"message":"Using node@16 from host."}}
[debug] [2022-06-18T07:52:01.709Z] defaultcredentials: writing to file C:\Users\JimmyLo\AppData\Roaming\firebase\a0930795105_gmail_com_application_default_credentials.json
[debug] [2022-06-18T07:52:01.715Z] Setting GAC to C:\Users\JimmyLo\AppData\Roaming\firebase\a0930795105_gmail_com_application_default_credentials.json {"metadata":{"emulator":{"name":"functions"},"message":"Setting GAC to C:\\Users\\JimmyLo\\AppData\\Roaming\\firebase\\a0930795105_gmail_com_application_default_credentials.json"}}
[debug] [2022-06-18T07:52:01.718Z] >>> [apiv2][query] GET https://firebase.googleapis.com/v1beta1/projects/grownby-react-native/adminSdkConfig [none]
[debug] [2022-06-18T07:52:01.912Z] <<< [apiv2][status] GET https://firebase.googleapis.com/v1beta1/projects/grownby-react-native/adminSdkConfig 200
[debug] [2022-06-18T07:52:01.912Z] <<< [apiv2][body] GET https://firebase.googleapis.com/v1beta1/projects/grownby-react-native/adminSdkConfig {"projectId":"grownby-react-native","storageBucket":"grownby-react-native.appspot.com","locationId":"us-central"}
[debug] [2022-06-18T07:52:01.945Z] Ignoring unsupported arg: auto_download {"metadata":{"emulator":{"name":"ui"},"message":"Ignoring unsupported arg: auto_download"}}
[debug] [2022-06-18T07:52:01.945Z] Ignoring unsupported arg: port {"metadata":{"emulator":{"name":"ui"},"message":"Ignoring unsupported arg: port"}}
[debug] [2022-06-18T07:52:01.945Z] Starting Emulator UI with command {"binary":"node","args":["--dns-result-order=ipv4first","C:\\Users\\JimmyLo\\.cache\\firebase\\emulators\\ui-v1.7.0\\server.bundle.js"],"optionalArgs":[],"joinArgs":false} {"metadata":{"emulator":{"name":"ui"},"message":"Starting Emulator UI with command {\"binary\":\"node\",\"args\":[\"--dns-result-order=ipv4first\",\"C:\\\\Users\\\\JimmyLo\\\\.cache\\\\firebase\\\\emulators\\\\ui-v1.7.0\\\\server.bundle.js\"],\"optionalArgs\":[],\"joinArgs\":false}"}}
[info] i  ui: Emulator UI logging to ui-debug.log {"metadata":{"emulator":{"name":"ui"},"message":"Emulator UI logging to \u001b[1mui-debug.log\u001b[22m"}}
[debug] [2022-06-18T07:52:02.131Z] Web / API server started at localhost:4000
 {"metadata":{"emulator":{"name":"ui"},"message":"Web / API server started at localhost:4000\n"}}
[info] i  functions: Watching "E:\react-native-assessment\functions" for Cloud Functions... {"metadata":{"emulator":{"name":"functions"},"message":"Watching \"E:\\react-native-assessment\\functions\" for Cloud Functions..."}}
[debug] [2022-06-18T07:52:02.224Z] Validating nodejs source
[debug] [2022-06-18T07:52:06.669Z] > [functions] package.json contents: {
  "name": "functions",
  "scripts": {
    "lint": "eslint --ext .js,.ts .",
    "build": "tsc",
    "serve": "npm run build && firebase emulators:start --only functions",
    "shell": "npm run build && firebase functions:shell",
    "start": "npm run shell",
    "deploy": "firebase deploy --only functions",
    "logs": "firebase functions:log"
  },
  "engines": {
    "node": "16"
  },
  "main": "lib/index.js",
  "dependencies": {
    "firebase-admin": "^9.8.0",
    "firebase-functions": "^3.14.1"
  },
  "devDependencies": {
    "@typescript-eslint/eslint-plugin": "^3.9.1",
    "@typescript-eslint/parser": "^3.8.0",
    "eslint": "^7.6.0",
    "eslint-config-google": "^0.14.0",
    "eslint-plugin-import": "^2.22.0",
    "firebase-functions-test": "^0.2.0",
    "typescript": "^3.8.0"
  },
  "private": true
}
[debug] [2022-06-18T07:52:06.670Z] Building nodejs source
[debug] [2022-06-18T07:52:06.670Z] Analyzing nodejs backend spec
[debug] [2022-06-18T07:52:06.671Z] Could not find functions.yaml. Must use http discovery
[debug] [2022-06-18T07:52:07.440Z] Serving at port 9005

[debug] [2022-06-18T07:52:07.552Z] Got response from /__/functions.yaml {"endpoints":{"addCreatedDate":{"platform":"gcfv1","eventTrigger":{"eventType":"providers/cloud.firestore/eventTypes/document.create","eventFilters":{"resource":"projects/grownby-react-native/databases/(default)/documents/farms/{wildcard}"},"retry":false},"labels":{},"entryPoint":"addCreatedDate"}},"specVersion":"v1alpha1","requiredAPIs":[]}
[debug] [2022-06-18T07:52:07.560Z] shutdown requested via /__/quitquitquit

[info] i  functions[us-central1-addCreatedDate]: function ignored because the firestore emulator does not exist or is not running. {"metadata":{"emulator":{"name":"functions"},"message":"function ignored because the firestore emulator does not exist or is not running."}}
[info] 
┌─────────────────────────────────────────────────────────────┐
│ ✔  All emulators ready! It is now safe to connect your app. │
│ i  View Emulator UI at http://localhost:4000                │
└─────────────────────────────────────────────────────────────┘

┌───────────┬────────────────┬─────────────────────────────────┐
│ Emulator  │ Host:Port      │ View in Emulator UI             │
├───────────┼────────────────┼─────────────────────────────────┤
│ Functions │ localhost:5001 │ http://localhost:4000/functions │
└───────────┴────────────────┴─────────────────────────────────┘
  Emulator Hub running at localhost:4400
  Other reserved ports: 4500

Issues? Report them at https://github.com/firebase/firebase-tools/issues and attach the *-debug.log files.
 
[debug] [2022-06-18T07:54:08.140Z] Received signal SIGHUP 1
